<?xml version="1.0" encoding="UTF-8"?>
<!-- Generated by org.testng.reporters.JUnitXMLReporter -->
<testsuite ignored="12" hostname="IGNP-LPWDEV0199" failures="0" tests="9" name="sanity_Simple_Book_APIs_test" time="13.487" errors="0" timestamp="2024-04-30T23:42:54 IST">
  <testcase classname="sanity_Simple_Book_APIs.GetStatusTest" name="getStatus" time="2.603"/>
  <testcase classname="sanity_Simple_Book_APIs.GetListOfBooksTest" name="getListOfBooks" time="1.203"/>
  <testcase classname="sanity_Simple_Book_APIs.GetListOfBooksTest" name="singleBook" time="1.345"/>
  <testcase classname="sanity_Simple_Book_APIs.Post_Authentication" name="post_sign_up" time="1.598"/>
  <testcase classname="sanity_Simple_Book_APIs.Post_Submit_An_order" name="submitAnOrder" time="1.406"/>
  <testcase classname="sanity_Simple_Book_APIs.Get_All_Orders" name="get_All_Orders" time="1.217"/>
  <testcase classname="sanity_Simple_Book_APIs.Get_All_Orders" name="get_Single_Order" time="1.194"/>
  <testcase classname="sanity_Simple_Book_APIs.Patch_Update_Order" name="patch_Update_Single_Order" time="1.481"/>
  <testcase classname="sanity_Simple_Book_APIs.Delete_A_Single_Order" name="delete_Single_Order" time="1.397"/>
  <testcase classname="com.qa.baseclass.Baseclass" name="@AfterSuite tearDown" time="0.0">
    <ignored/>
  </testcase> <!-- @AfterSuite tearDown -->
  <testcase classname="com.qa.baseclass.Baseclass" name="@AfterSuite tearDown" time="0.0">
    <ignored/>
  </testcase> <!-- @AfterSuite tearDown -->
  <testcase classname="com.qa.baseclass.Baseclass" name="@AfterSuite tearDown" time="0.0">
    <ignored/>
  </testcase> <!-- @AfterSuite tearDown -->
  <testcase classname="com.qa.baseclass.Baseclass" name="@AfterSuite tearDown" time="0.0">
    <ignored/>
  </testcase> <!-- @AfterSuite tearDown -->
  <testcase classname="com.qa.baseclass.Baseclass" name="@AfterSuite tearDown" time="0.0">
    <ignored/>
  </testcase> <!-- @AfterSuite tearDown -->
  <testcase classname="com.qa.baseclass.Baseclass" name="@AfterSuite tearDown" time="0.0">
    <ignored/>
  </testcase> <!-- @AfterSuite tearDown -->
  <testcase classname="com.qa.baseclass.Baseclass" name="@BeforeSuite setUp" time="0.0">
    <ignored/>
  </testcase> <!-- @BeforeSuite setUp -->
  <testcase classname="com.qa.baseclass.Baseclass" name="@BeforeSuite setUp" time="0.0">
    <ignored/>
  </testcase> <!-- @BeforeSuite setUp -->
  <testcase classname="com.qa.baseclass.Baseclass" name="@BeforeSuite setUp" time="0.0">
    <ignored/>
  </testcase> <!-- @BeforeSuite setUp -->
  <testcase classname="com.qa.baseclass.Baseclass" name="@BeforeSuite setUp" time="0.0">
    <ignored/>
  </testcase> <!-- @BeforeSuite setUp -->
  <testcase classname="com.qa.baseclass.Baseclass" name="@BeforeSuite setUp" time="0.0">
    <ignored/>
  </testcase> <!-- @BeforeSuite setUp -->
  <testcase classname="com.qa.baseclass.Baseclass" name="@BeforeSuite setUp" time="0.0">
    <ignored/>
  </testcase> <!-- @BeforeSuite setUp -->
</testsuite> <!-- sanity_Simple_Book_APIs_test -->
