<?xml version="1.0" encoding="UTF-8"?>
<!-- Generated by org.testng.reporters.JUnitXMLReporter -->
<testsuite ignored="8" hostname="daffolap-mac-150s-MacBook-Air.local" failures="0" tests="7" name="Test" time="14.161" errors="0" timestamp="2023-04-10T15:56:19 IST">
  <testcase classname="sanity_Simple_Book_APIs.GetStatusTest" name="getStatus" time="5.183"/>
  <testcase classname="sanity_Simple_Book_APIs.GetListOfBooksTest" name="getListOfBooks" time="1.215"/>
  <testcase classname="sanity_Simple_Book_APIs.GetListOfBooksTest" name="singleBook" time="1.425"/>
  <testcase classname="sanity_Simple_Book_APIs.Post_Authentication" name="post_sign_up" time="2.086"/>
  <testcase classname="sanity_Simple_Book_APIs.Post_Submit_An_order" name="submitAnOrder" time="1.578"/>
  <testcase classname="sanity_Simple_Book_APIs.Get_All_Orders" name="get_All_Orders" time="1.408"/>
  <testcase classname="sanity_Simple_Book_APIs.Get_All_Orders" name="get_Single_Order" time="1.201"/>
  <testcase classname="com.qa.baseclass.Baseclass" name="@AfterSuite tearDown" time="0.0">
    <ignored/>
  </testcase> <!-- @AfterSuite tearDown -->
  <testcase classname="com.qa.baseclass.Baseclass" name="@AfterSuite tearDown" time="0.0">
    <ignored/>
  </testcase> <!-- @AfterSuite tearDown -->
  <testcase classname="com.qa.baseclass.Baseclass" name="@AfterSuite tearDown" time="0.0">
    <ignored/>
  </testcase> <!-- @AfterSuite tearDown -->
  <testcase classname="com.qa.baseclass.Baseclass" name="@AfterSuite tearDown" time="0.0">
    <ignored/>
  </testcase> <!-- @AfterSuite tearDown -->
  <testcase classname="com.qa.baseclass.Baseclass" name="@BeforeSuite setUp" time="0.0">
    <ignored/>
  </testcase> <!-- @BeforeSuite setUp -->
  <testcase classname="com.qa.baseclass.Baseclass" name="@BeforeSuite setUp" time="0.0">
    <ignored/>
  </testcase> <!-- @BeforeSuite setUp -->
  <testcase classname="com.qa.baseclass.Baseclass" name="@BeforeSuite setUp" time="0.0">
    <ignored/>
  </testcase> <!-- @BeforeSuite setUp -->
  <testcase classname="com.qa.baseclass.Baseclass" name="@BeforeSuite setUp" time="0.0">
    <ignored/>
  </testcase> <!-- @BeforeSuite setUp -->
</testsuite> <!-- Test -->
