<?xml version="1.0" encoding="UTF-8"?>
<testng-results ignored="12" total="21" passed="9" failed="0" skipped="0">
  <reporter-output>
  </reporter-output>
  <suite started-at="2024-04-30T23:42:41 IST" name="Suite" finished-at="2024-04-30T23:42:54 IST" duration-ms="13487">
    <groups>
    </groups>
    <test started-at="2024-04-30T23:42:41 IST" name="sanity_Simple_Book_APIs_test" finished-at="2024-04-30T23:42:54 IST" duration-ms="13487">
      <class name="sanity_Simple_Book_APIs.GetStatusTest">
        <test-method is-config="true" signature="setUp()[pri:0, instance:sanity_Simple_Book_APIs.GetStatusTest@4f80542f]" started-at="2024-04-30T23:42:41 IST" name="setUp" finished-at="2024-04-30T23:42:41 IST" duration-ms="264" status="PASS">
          <reporter-output>
          </reporter-output>
        </test-method> <!-- setUp -->
        <test-method signature="getStatus()[pri:1, instance:sanity_Simple_Book_APIs.GetStatusTest@4f80542f]" started-at="2024-04-30T23:42:41 IST" name="getStatus" finished-at="2024-04-30T23:42:43 IST" duration-ms="2603" status="PASS">
          <reporter-output>
          </reporter-output>
        </test-method> <!-- getStatus -->
        <test-method is-config="true" signature="getResult(org.testng.ITestResult)[pri:0, instance:sanity_Simple_Book_APIs.GetStatusTest@4f80542f]" started-at="2024-04-30T23:42:43 IST" name="getResult" finished-at="2024-04-30T23:42:43 IST" duration-ms="5" status="PASS">
          <params>
            <param index="0">
              <value>
                <![CDATA[[TestResult name=getStatus status=SUCCESS method=GetStatusTest.getStatus()[pri:1, instance:sanity_Simple_Book_APIs.GetStatusTest@4f80542f] output={null}]]]>
              </value>
            </param>
          </params>
          <reporter-output>
          </reporter-output>
        </test-method> <!-- getResult -->
        <test-method is-config="true" signature="tearDown()[pri:0, instance:sanity_Simple_Book_APIs.GetStatusTest@4f80542f]" started-at="2024-04-30T23:42:54 IST" name="tearDown" finished-at="2024-04-30T23:42:55 IST" duration-ms="294" status="PASS">
          <reporter-output>
          </reporter-output>
        </test-method> <!-- tearDown -->
      </class> <!-- sanity_Simple_Book_APIs.GetStatusTest -->
      <class name="sanity_Simple_Book_APIs.Patch_Update_Order">
        <test-method signature="patch_Update_Single_Order()[pri:1, instance:sanity_Simple_Book_APIs.Patch_Update_Order@52719fb6]" started-at="2024-04-30T23:42:51 IST" name="patch_Update_Single_Order" finished-at="2024-04-30T23:42:53 IST" duration-ms="1481" status="PASS">
          <reporter-output>
          </reporter-output>
        </test-method> <!-- patch_Update_Single_Order -->
        <test-method is-config="true" signature="getResult(org.testng.ITestResult)[pri:0, instance:sanity_Simple_Book_APIs.Patch_Update_Order@52719fb6]" started-at="2024-04-30T23:42:53 IST" name="getResult" finished-at="2024-04-30T23:42:53 IST" duration-ms="0" status="PASS">
          <params>
            <param index="0">
              <value>
                <![CDATA[[TestResult name=patch_Update_Single_Order status=SUCCESS method=Patch_Update_Order.patch_Update_Single_Order()[pri:1, instance:sanity_Simple_Book_APIs.Patch_Update_Order@52719fb6] output={null}]]]>
              </value>
            </param>
          </params>
          <reporter-output>
          </reporter-output>
        </test-method> <!-- getResult -->
      </class> <!-- sanity_Simple_Book_APIs.Patch_Update_Order -->
      <class name="sanity_Simple_Book_APIs.Post_Submit_An_order">
        <test-method signature="submitAnOrder()[pri:1, instance:sanity_Simple_Book_APIs.Post_Submit_An_order@6fdbe764]" started-at="2024-04-30T23:42:48 IST" name="submitAnOrder" finished-at="2024-04-30T23:42:49 IST" duration-ms="1406" status="PASS">
          <reporter-output>
          </reporter-output>
        </test-method> <!-- submitAnOrder -->
        <test-method is-config="true" signature="getResult(org.testng.ITestResult)[pri:0, instance:sanity_Simple_Book_APIs.Post_Submit_An_order@6fdbe764]" started-at="2024-04-30T23:42:49 IST" name="getResult" finished-at="2024-04-30T23:42:49 IST" duration-ms="1" status="PASS">
          <params>
            <param index="0">
              <value>
                <![CDATA[[TestResult name=submitAnOrder status=SUCCESS method=Post_Submit_An_order.submitAnOrder()[pri:1, instance:sanity_Simple_Book_APIs.Post_Submit_An_order@6fdbe764] output={null}]]]>
              </value>
            </param>
          </params>
          <reporter-output>
          </reporter-output>
        </test-method> <!-- getResult -->
      </class> <!-- sanity_Simple_Book_APIs.Post_Submit_An_order -->
      <class name="sanity_Simple_Book_APIs.Get_All_Orders">
        <test-method signature="get_All_Orders()[pri:1, instance:sanity_Simple_Book_APIs.Get_All_Orders@51c668e3]" started-at="2024-04-30T23:42:49 IST" name="get_All_Orders" finished-at="2024-04-30T23:42:50 IST" duration-ms="1217" status="PASS">
          <reporter-output>
          </reporter-output>
        </test-method> <!-- get_All_Orders -->
        <test-method is-config="true" signature="getResult(org.testng.ITestResult)[pri:0, instance:sanity_Simple_Book_APIs.Get_All_Orders@51c668e3]" started-at="2024-04-30T23:42:50 IST" name="getResult" finished-at="2024-04-30T23:42:50 IST" duration-ms="1" status="PASS">
          <params>
            <param index="0">
              <value>
                <![CDATA[[TestResult name=get_All_Orders status=SUCCESS method=Get_All_Orders.get_All_Orders()[pri:1, instance:sanity_Simple_Book_APIs.Get_All_Orders@51c668e3] output={null}]]]>
              </value>
            </param>
          </params>
          <reporter-output>
          </reporter-output>
        </test-method> <!-- getResult -->
        <test-method signature="get_Single_Order()[pri:2, instance:sanity_Simple_Book_APIs.Get_All_Orders@51c668e3]" started-at="2024-04-30T23:42:50 IST" name="get_Single_Order" finished-at="2024-04-30T23:42:51 IST" duration-ms="1194" status="PASS">
          <reporter-output>
          </reporter-output>
        </test-method> <!-- get_Single_Order -->
        <test-method is-config="true" signature="getResult(org.testng.ITestResult)[pri:0, instance:sanity_Simple_Book_APIs.Get_All_Orders@51c668e3]" started-at="2024-04-30T23:42:51 IST" name="getResult" finished-at="2024-04-30T23:42:51 IST" duration-ms="0" status="PASS">
          <params>
            <param index="0">
              <value>
                <![CDATA[[TestResult name=get_Single_Order status=SUCCESS method=Get_All_Orders.get_Single_Order()[pri:2, instance:sanity_Simple_Book_APIs.Get_All_Orders@51c668e3] output={null}]]]>
              </value>
            </param>
          </params>
          <reporter-output>
          </reporter-output>
        </test-method> <!-- getResult -->
      </class> <!-- sanity_Simple_Book_APIs.Get_All_Orders -->
      <class name="sanity_Simple_Book_APIs.Post_Authentication">
        <test-method signature="post_sign_up()[pri:1, instance:sanity_Simple_Book_APIs.Post_Authentication@a38c7fe]" started-at="2024-04-30T23:42:46 IST" name="post_sign_up" finished-at="2024-04-30T23:42:48 IST" duration-ms="1598" status="PASS">
          <reporter-output>
          </reporter-output>
        </test-method> <!-- post_sign_up -->
        <test-method is-config="true" signature="getResult(org.testng.ITestResult)[pri:0, instance:sanity_Simple_Book_APIs.Post_Authentication@a38c7fe]" started-at="2024-04-30T23:42:48 IST" name="getResult" finished-at="2024-04-30T23:42:48 IST" duration-ms="0" status="PASS">
          <params>
            <param index="0">
              <value>
                <![CDATA[[TestResult name=post_sign_up status=SUCCESS method=Post_Authentication.post_sign_up()[pri:1, instance:sanity_Simple_Book_APIs.Post_Authentication@a38c7fe] output={null}]]]>
              </value>
            </param>
          </params>
          <reporter-output>
          </reporter-output>
        </test-method> <!-- getResult -->
      </class> <!-- sanity_Simple_Book_APIs.Post_Authentication -->
      <class name="sanity_Simple_Book_APIs.GetListOfBooksTest">
        <test-method signature="getListOfBooks()[pri:1, instance:sanity_Simple_Book_APIs.GetListOfBooksTest@4d5650ae]" started-at="2024-04-30T23:42:43 IST" name="getListOfBooks" finished-at="2024-04-30T23:42:45 IST" duration-ms="1203" status="PASS">
          <reporter-output>
          </reporter-output>
        </test-method> <!-- getListOfBooks -->
        <test-method signature="singleBook()[pri:2, instance:sanity_Simple_Book_APIs.GetListOfBooksTest@4d5650ae]" started-at="2024-04-30T23:42:45 IST" name="singleBook" finished-at="2024-04-30T23:42:46 IST" duration-ms="1345" status="PASS">
          <reporter-output>
          </reporter-output>
        </test-method> <!-- singleBook -->
        <test-method is-config="true" signature="getResult(org.testng.ITestResult)[pri:0, instance:sanity_Simple_Book_APIs.GetListOfBooksTest@4d5650ae]" started-at="2024-04-30T23:42:45 IST" name="getResult" finished-at="2024-04-30T23:42:45 IST" duration-ms="0" status="PASS">
          <params>
            <param index="0">
              <value>
                <![CDATA[[TestResult name=getListOfBooks status=SUCCESS method=GetListOfBooksTest.getListOfBooks()[pri:1, instance:sanity_Simple_Book_APIs.GetListOfBooksTest@4d5650ae] output={null}]]]>
              </value>
            </param>
          </params>
          <reporter-output>
          </reporter-output>
        </test-method> <!-- getResult -->
        <test-method is-config="true" signature="getResult(org.testng.ITestResult)[pri:0, instance:sanity_Simple_Book_APIs.GetListOfBooksTest@4d5650ae]" started-at="2024-04-30T23:42:46 IST" name="getResult" finished-at="2024-04-30T23:42:46 IST" duration-ms="1" status="PASS">
          <params>
            <param index="0">
              <value>
                <![CDATA[[TestResult name=singleBook status=SUCCESS method=GetListOfBooksTest.singleBook()[pri:2, instance:sanity_Simple_Book_APIs.GetListOfBooksTest@4d5650ae] output={null}]]]>
              </value>
            </param>
          </params>
          <reporter-output>
          </reporter-output>
        </test-method> <!-- getResult -->
      </class> <!-- sanity_Simple_Book_APIs.GetListOfBooksTest -->
      <class name="sanity_Simple_Book_APIs.Delete_A_Single_Order">
        <test-method signature="delete_Single_Order()[pri:1, instance:sanity_Simple_Book_APIs.Delete_A_Single_Order@3012646b]" started-at="2024-04-30T23:42:53 IST" name="delete_Single_Order" finished-at="2024-04-30T23:42:54 IST" duration-ms="1397" status="PASS">
          <reporter-output>
          </reporter-output>
        </test-method> <!-- delete_Single_Order -->
        <test-method is-config="true" signature="getResult(org.testng.ITestResult)[pri:0, instance:sanity_Simple_Book_APIs.Delete_A_Single_Order@3012646b]" started-at="2024-04-30T23:42:54 IST" name="getResult" finished-at="2024-04-30T23:42:54 IST" duration-ms="0" status="PASS">
          <params>
            <param index="0">
              <value>
                <![CDATA[[TestResult name=delete_Single_Order status=SUCCESS method=Delete_A_Single_Order.delete_Single_Order()[pri:1, instance:sanity_Simple_Book_APIs.Delete_A_Single_Order@3012646b] output={null}]]]>
              </value>
            </param>
          </params>
          <reporter-output>
          </reporter-output>
        </test-method> <!-- getResult -->
      </class> <!-- sanity_Simple_Book_APIs.Delete_A_Single_Order -->
    </test> <!-- sanity_Simple_Book_APIs_test -->
  </suite> <!-- Suite -->
</testng-results>
