<?xml version="1.0" encoding="UTF-8"?>
<!-- Generated by org.testng.reporters.JUnitReportReporter -->
<testsuite hostname="IGNP-LPWDEV0199" failures="0" tests="2" name="sanity_Simple_Book_APIs.Get_All_Orders" time="2.412" errors="0" timestamp="2024-04-30T23:42:55 IST" skipped="0">
  <testcase classname="sanity_Simple_Book_APIs.Get_All_Orders" name="get_All_Orders" time="1.218"/>
  <system-out/>
  <testcase classname="sanity_Simple_Book_APIs.Get_All_Orders" name="get_Single_Order" time="1.194"/>
  <system-out/>
</testsuite> <!-- sanity_Simple_Book_APIs.Get_All_Orders -->
